
2022-10-28 15:53:40,329 INFO  SpringApplicationAdminMXBeanRegistrar$SpringApplicationAdmin:159 - [] Application shutdown requested.
2022-10-28 15:53:40,333 INFO  DirectJDKLog:173 - [] Stopping service [Tomcat]
2022-10-28 15:53:40,338 INFO  AbstractEntityManagerFactoryBean:651 - [] Closing JPA EntityManagerFactory for persistence unit 'default'
2022-10-28 15:53:40,339 INFO  HikariDataSource:350 - [] HikariPool-1 - Shutdown initiated...
2022-10-28 15:53:40,343 INFO  HikariDataSource:352 - [] HikariPool-1 - Shutdown completed.
2022-10-28 15:53:53,063 INFO  StartupInfoLogger:55 - [] Starting SamApplication using Java 17.0.4.1 on emma-whatson with PID 78183 (/home/innovix00/git/simple/sam/target/classes started by innovix00 in /home/innovix00/git/simple/sam)
2022-10-28 15:53:53,066 INFO  SpringApplication:634 - [] No active profile set, falling back to 1 default profile: "default"
2022-10-28 15:53:53,426 INFO  RepositoryConfigurationDelegate:132 - [] Bootstrapping Spring Data JPA repositories in DEFAULT mode.
2022-10-28 15:53:53,451 INFO  RepositoryConfigurationDelegate:201 - [] Finished Spring Data repository scanning in 20 ms. Found 1 JPA repository interfaces.
2022-10-28 15:53:53,723 INFO  TomcatWebServer:108 - [] Tomcat initialized with port(s): 8080 (http)
2022-10-28 15:53:53,729 INFO  DirectJDKLog:173 - [] Starting service [Tomcat]
2022-10-28 15:53:53,730 INFO  DirectJDKLog:173 - [] Starting Servlet engine: [Apache Tomcat/9.0.68]
2022-10-28 15:53:53,785 INFO  DirectJDKLog:173 - [] Initializing Spring embedded WebApplicationContext
2022-10-28 15:53:53,785 INFO  ServletWebServerApplicationContext:292 - [] Root WebApplicationContext: initialization completed in 691 ms
2022-10-28 15:53:53,877 INFO  LogHelper:31 - [] HHH000204: Processing PersistenceUnitInfo [name: default]
2022-10-28 15:53:53,900 INFO  Version:44 - [] HHH000412: Hibernate ORM core version 5.6.12.Final
2022-10-28 15:53:53,978 INFO  JavaReflectionManager:56 - [] HCANN000001: Hibernate Commons Annotations {5.1.2.Final}
2022-10-28 15:53:54,040 INFO  HikariDataSource:110 - [] HikariPool-1 - Starting...
2022-10-28 15:53:54,260 INFO  HikariDataSource:123 - [] HikariPool-1 - Start completed.
2022-10-28 15:53:54,278 INFO  Dialect:175 - [] HHH000400: Using dialect: org.hibernate.dialect.PostgreSQL10Dialect
2022-10-28 15:53:54,557 INFO  JtaPlatformInitiator:52 - [] HHH000490: Using JtaPlatform implementation: [org.hibernate.engine.transaction.jta.platform.internal.NoJtaPlatform]
2022-10-28 15:53:54,561 INFO  AbstractEntityManagerFactoryBean:437 - [] Initialized JPA EntityManagerFactory for persistence unit 'default'
2022-10-28 15:53:54,706 WARN  JpaBaseConfiguration$JpaWebConfiguration:219 - [] spring.jpa.open-in-view is enabled by default. Therefore, database queries may be performed during view rendering. Explicitly configure spring.jpa.open-in-view to disable this warning
2022-10-28 15:53:54,887 INFO  TomcatWebServer:220 - [] Tomcat started on port(s): 8080 (http) with context path ''
2022-10-28 15:53:54,894 INFO  StartupInfoLogger:61 - [] Started SamApplication in 2.036 seconds (JVM running for 2.394)
2022-10-28 15:56:18,564 INFO  SpringApplicationAdminMXBeanRegistrar$SpringApplicationAdmin:159 - [] Application shutdown requested.
2022-10-28 15:56:18,569 INFO  DirectJDKLog:173 - [] Stopping service [Tomcat]
2022-10-28 15:56:18,573 INFO  AbstractEntityManagerFactoryBean:651 - [] Closing JPA EntityManagerFactory for persistence unit 'default'
2022-10-28 15:56:18,574 INFO  HikariDataSource:350 - [] HikariPool-1 - Shutdown initiated...
2022-10-28 15:56:18,577 INFO  HikariDataSource:352 - [] HikariPool-1 - Shutdown completed.
2022-10-28 15:56:26,757 INFO  StartupInfoLogger:55 - [] Starting SamApplication using Java 17.0.4.1 on emma-whatson with PID 78768 (/home/innovix00/git/simple/sam/target/classes started by innovix00 in /home/innovix00/git/simple/sam)
2022-10-28 15:56:26,760 INFO  SpringApplication:634 - [] No active profile set, falling back to 1 default profile: "default"
2022-10-28 15:56:27,078 INFO  RepositoryConfigurationDelegate:132 - [] Bootstrapping Spring Data JPA repositories in DEFAULT mode.
2022-10-28 15:56:27,104 INFO  RepositoryConfigurationDelegate:201 - [] Finished Spring Data repository scanning in 21 ms. Found 1 JPA repository interfaces.
2022-10-28 15:56:27,376 INFO  TomcatWebServer:108 - [] Tomcat initialized with port(s): 8080 (http)
2022-10-28 15:56:27,381 INFO  DirectJDKLog:173 - [] Starting service [Tomcat]
2022-10-28 15:56:27,382 INFO  DirectJDKLog:173 - [] Starting Servlet engine: [Apache Tomcat/9.0.68]
2022-10-28 15:56:27,430 INFO  DirectJDKLog:173 - [] Initializing Spring embedded WebApplicationContext
2022-10-28 15:56:27,430 INFO  ServletWebServerApplicationContext:292 - [] Root WebApplicationContext: initialization completed in 643 ms
2022-10-28 15:56:27,520 INFO  LogHelper:31 - [] HHH000204: Processing PersistenceUnitInfo [name: default]
2022-10-28 15:56:27,542 INFO  Version:44 - [] HHH000412: Hibernate ORM core version 5.6.12.Final
2022-10-28 15:56:27,614 INFO  JavaReflectionManager:56 - [] HCANN000001: Hibernate Commons Annotations {5.1.2.Final}
2022-10-28 15:56:27,658 INFO  HikariDataSource:110 - [] HikariPool-1 - Starting...
2022-10-28 15:56:27,825 INFO  HikariDataSource:123 - [] HikariPool-1 - Start completed.
2022-10-28 15:56:27,839 INFO  Dialect:175 - [] HHH000400: Using dialect: org.hibernate.dialect.PostgreSQL10Dialect
2022-10-28 15:56:28,107 INFO  JtaPlatformInitiator:52 - [] HHH000490: Using JtaPlatform implementation: [org.hibernate.engine.transaction.jta.platform.internal.NoJtaPlatform]
2022-10-28 15:56:28,112 INFO  AbstractEntityManagerFactoryBean:437 - [] Initialized JPA EntityManagerFactory for persistence unit 'default'
2022-10-28 15:56:28,278 WARN  JpaBaseConfiguration$JpaWebConfiguration:219 - [] spring.jpa.open-in-view is enabled by default. Therefore, database queries may be performed during view rendering. Explicitly configure spring.jpa.open-in-view to disable this warning
2022-10-28 15:56:28,451 INFO  TomcatWebServer:220 - [] Tomcat started on port(s): 8080 (http) with context path ''
2022-10-28 15:56:28,457 INFO  StartupInfoLogger:61 - [] Started SamApplication in 1.917 seconds (JVM running for 2.347)
2022-10-28 15:56:44,061 INFO  DirectJDKLog:173 - [] Initializing Spring DispatcherServlet 'dispatcherServlet'
2022-10-28 15:56:44,061 INFO  FrameworkServlet:525 - [] Initializing Servlet 'dispatcherServlet'
2022-10-28 15:56:44,062 INFO  FrameworkServlet:547 - [] Completed initialization in 1 ms
2022-10-28 15:56:44,075 INFO  LoggerController:16 - [] [getMessage] info message
2022-10-28 15:56:44,075 WARN  LoggerController:17 - [] [getMessage] warn message
2022-10-28 15:56:44,075 ERROR LoggerController:18 - [] [getMessage] error message
2022-10-28 15:58:13,010 INFO  SpringApplicationAdminMXBeanRegistrar$SpringApplicationAdmin:159 - [] Application shutdown requested.
2022-10-28 15:58:13,012 INFO  DirectJDKLog:173 - [] Stopping service [Tomcat]
2022-10-28 15:58:13,013 INFO  DirectJDKLog:173 - [] Destroying Spring FrameworkServlet 'dispatcherServlet'
2022-10-28 15:58:13,018 INFO  AbstractEntityManagerFactoryBean:651 - [] Closing JPA EntityManagerFactory for persistence unit 'default'
2022-10-28 15:58:13,020 INFO  HikariDataSource:350 - [] HikariPool-1 - Shutdown initiated...
2022-10-28 15:58:13,024 INFO  HikariDataSource:352 - [] HikariPool-1 - Shutdown completed.
2022-10-28 16:00:10,719 INFO  StartupInfoLogger:55 - [] Starting SamApplication using Java 17.0.4.1 on emma-whatson with PID 79844 (/home/innovix00/git/simple/sam/target/classes started by innovix00 in /home/innovix00/git/simple/sam)
2022-10-28 16:00:10,721 INFO  SpringApplication:640 - [] The following 1 profile is active: "dev"
2022-10-28 16:00:11,024 INFO  RepositoryConfigurationDelegate:132 - [] Bootstrapping Spring Data JPA repositories in DEFAULT mode.
2022-10-28 16:00:11,051 INFO  RepositoryConfigurationDelegate:201 - [] Finished Spring Data repository scanning in 22 ms. Found 1 JPA repository interfaces.
2022-10-28 16:00:11,320 INFO  TomcatWebServer:108 - [] Tomcat initialized with port(s): 8080 (http)
2022-10-28 16:00:11,325 INFO  DirectJDKLog:173 - [] Starting service [Tomcat]
2022-10-28 16:00:11,326 INFO  DirectJDKLog:173 - [] Starting Servlet engine: [Apache Tomcat/9.0.68]
2022-10-28 16:00:11,376 INFO  DirectJDKLog:173 - [] Initializing Spring embedded WebApplicationContext
2022-10-28 16:00:11,376 INFO  ServletWebServerApplicationContext:292 - [] Root WebApplicationContext: initialization completed in 630 ms
2022-10-28 16:00:11,465 INFO  LogHelper:31 - [] HHH000204: Processing PersistenceUnitInfo [name: default]
2022-10-28 16:00:11,486 INFO  Version:44 - [] HHH000412: Hibernate ORM core version 5.6.12.Final
2022-10-28 16:00:11,558 INFO  JavaReflectionManager:56 - [] HCANN000001: Hibernate Commons Annotations {5.1.2.Final}
2022-10-28 16:00:11,602 INFO  HikariDataSource:110 - [] HikariPool-1 - Starting...
2022-10-28 16:00:12,743 ERROR HikariPool:594 - [] HikariPool-1 - Exception during pool initialization.
org.postgresql.util.PSQLException: FATAL: password authentication failed for user "postgreslll"
	at org.postgresql.core.v3.ConnectionFactoryImpl.doAuthentication(ConnectionFactoryImpl.java:646)
	at org.postgresql.core.v3.ConnectionFactoryImpl.tryConnect(ConnectionFactoryImpl.java:180)
	at org.postgresql.core.v3.ConnectionFactoryImpl.openConnectionImpl(ConnectionFactoryImpl.java:235)
	at org.postgresql.core.ConnectionFactory.openConnection(ConnectionFactory.java:49)
	at org.postgresql.jdbc.PgConnection.<init>(PgConnection.java:223)
	at org.postgresql.Driver.makeConnection(Driver.java:402)
	at org.postgresql.Driver.connect(Driver.java:261)
	at com.zaxxer.hikari.util.DriverDataSource.getConnection(DriverDataSource.java:138)
	at com.zaxxer.hikari.pool.PoolBase.newConnection(PoolBase.java:364)
	at com.zaxxer.hikari.pool.PoolBase.newPoolEntry(PoolBase.java:206)
	at com.zaxxer.hikari.pool.HikariPool.createPoolEntry(HikariPool.java:476)
	at com.zaxxer.hikari.pool.HikariPool.checkFailFast(HikariPool.java:561)
	at com.zaxxer.hikari.pool.HikariPool.<init>(HikariPool.java:115)
	at com.zaxxer.hikari.HikariDataSource.getConnection(HikariDataSource.java:112)
	at org.hibernate.engine.jdbc.connections.internal.DatasourceConnectionProviderImpl.getConnection(DatasourceConnectionProviderImpl.java:122)
	at org.hibernate.engine.jdbc.env.internal.JdbcEnvironmentInitiator$ConnectionProviderJdbcConnectionAccess.obtainConnection(JdbcEnvironmentInitiator.java:181)
	at org.hibernate.engine.jdbc.env.internal.JdbcEnvironmentInitiator.initiateService(JdbcEnvironmentInitiator.java:68)
	at org.hibernate.engine.jdbc.env.internal.JdbcEnvironmentInitiator.initiateService(JdbcEnvironmentInitiator.java:35)
	at org.hibernate.boot.registry.internal.StandardServiceRegistryImpl.initiateService(StandardServiceRegistryImpl.java:101)
	at org.hibernate.service.internal.AbstractServiceRegistryImpl.createService(AbstractServiceRegistryImpl.java:263)
	at org.hibernate.service.internal.AbstractServiceRegistryImpl.initializeService(AbstractServiceRegistryImpl.java:237)
	at org.hibernate.service.internal.AbstractServiceRegistryImpl.getService(AbstractServiceRegistryImpl.java:214)
	at org.hibernate.id.factory.internal.DefaultIdentifierGeneratorFactory.injectServices(DefaultIdentifierGeneratorFactory.java:175)
	at org.hibernate.service.internal.AbstractServiceRegistryImpl.injectDependencies(AbstractServiceRegistryImpl.java:286)
	at org.hibernate.service.internal.AbstractServiceRegistryImpl.initializeService(AbstractServiceRegistryImpl.java:243)
	at org.hibernate.service.internal.AbstractServiceRegistryImpl.getService(AbstractServiceRegistryImpl.java:214)
	at org.hibernate.boot.internal.InFlightMetadataCollectorImpl.<init>(InFlightMetadataCollectorImpl.java:173)
	at org.hibernate.boot.model.process.spi.MetadataBuildingProcess.complete(MetadataBuildingProcess.java:127)
	at org.hibernate.jpa.boot.internal.EntityManagerFactoryBuilderImpl.metadata(EntityManagerFactoryBuilderImpl.java:1460)
	at org.hibernate.jpa.boot.internal.EntityManagerFactoryBuilderImpl.build(EntityManagerFactoryBuilderImpl.java:1494)
	at org.springframework.orm.jpa.vendor.SpringHibernateJpaPersistenceProvider.createContainerEntityManagerFactory(SpringHibernateJpaPersistenceProvider.java:58)
	at org.springframework.orm.jpa.LocalContainerEntityManagerFactoryBean.createNativeEntityManagerFactory(LocalContainerEntityManagerFactoryBean.java:365)
	at org.springframework.orm.jpa.AbstractEntityManagerFactoryBean.buildNativeEntityManagerFactory(AbstractEntityManagerFactoryBean.java:409)
	at org.springframework.orm.jpa.AbstractEntityManagerFactoryBean.afterPropertiesSet(AbstractEntityManagerFactoryBean.java:396)
	at org.springframework.orm.jpa.LocalContainerEntityManagerFactoryBean.afterPropertiesSet(LocalContainerEntityManagerFactoryBean.java:341)
	at org.springframework.beans.factory.support.AbstractAutowireCapableBeanFactory.invokeInitMethods(AbstractAutowireCapableBeanFactory.java:1863)
	at org.springframework.beans.factory.support.AbstractAutowireCapableBeanFactory.initializeBean(AbstractAutowireCapableBeanFactory.java:1800)
	at org.springframework.beans.factory.support.AbstractAutowireCapableBeanFactory.doCreateBean(AbstractAutowireCapableBeanFactory.java:620)
	at org.springframework.beans.factory.support.AbstractAutowireCapableBeanFactory.createBean(AbstractAutowireCapableBeanFactory.java:542)
	at org.springframework.beans.factory.support.AbstractBeanFactory.lambda$doGetBean$0(AbstractBeanFactory.java:335)
	at org.springframework.beans.factory.support.DefaultSingletonBeanRegistry.getSingleton(DefaultSingletonBeanRegistry.java:234)
	at org.springframework.beans.factory.support.AbstractBeanFactory.doGetBean(AbstractBeanFactory.java:333)
	at org.springframework.beans.factory.support.AbstractBeanFactory.getBean(AbstractBeanFactory.java:208)
	at org.springframework.context.support.AbstractApplicationContext.getBean(AbstractApplicationContext.java:1154)
	at org.springframework.context.support.AbstractApplicationContext.finishBeanFactoryInitialization(AbstractApplicationContext.java:908)
	at org.springframework.context.support.AbstractApplicationContext.refresh(AbstractApplicationContext.java:583)
	at org.springframework.boot.web.servlet.context.ServletWebServerApplicationContext.refresh(ServletWebServerApplicationContext.java:147)
	at org.springframework.boot.SpringApplication.refresh(SpringApplication.java:734)
	at org.springframework.boot.SpringApplication.refreshContext(SpringApplication.java:408)
	at org.springframework.boot.SpringApplication.run(SpringApplication.java:308)
	at org.springframework.boot.SpringApplication.run(SpringApplication.java:1306)
	at org.springframework.boot.SpringApplication.run(SpringApplication.java:1295)
	at com.sam.SamApplication.main(SamApplication.java:10)
2022-10-28 16:00:12,743 WARN  JdbcEnvironmentInitiator:133 - [] HHH000342: Could not obtain connection to query metadata
org.postgresql.util.PSQLException: FATAL: password authentication failed for user "postgreslll"
	at org.postgresql.core.v3.ConnectionFactoryImpl.doAuthentication(ConnectionFactoryImpl.java:646)
	at org.postgresql.core.v3.ConnectionFactoryImpl.tryConnect(ConnectionFactoryImpl.java:180)
	at org.postgresql.core.v3.ConnectionFactoryImpl.openConnectionImpl(ConnectionFactoryImpl.java:235)
	at org.postgresql.core.ConnectionFactory.openConnection(ConnectionFactory.java:49)
	at org.postgresql.jdbc.PgConnection.<init>(PgConnection.java:223)
	at org.postgresql.Driver.makeConnection(Driver.java:402)
	at org.postgresql.Driver.connect(Driver.java:261)
	at com.zaxxer.hikari.util.DriverDataSource.getConnection(DriverDataSource.java:138)
	at com.zaxxer.hikari.pool.PoolBase.newConnection(PoolBase.java:364)
	at com.zaxxer.hikari.pool.PoolBase.newPoolEntry(PoolBase.java:206)
	at com.zaxxer.hikari.pool.HikariPool.createPoolEntry(HikariPool.java:476)
	at com.zaxxer.hikari.pool.HikariPool.checkFailFast(HikariPool.java:561)
	at com.zaxxer.hikari.pool.HikariPool.<init>(HikariPool.java:115)
	at com.zaxxer.hikari.HikariDataSource.getConnection(HikariDataSource.java:112)
	at org.hibernate.engine.jdbc.connections.internal.DatasourceConnectionProviderImpl.getConnection(DatasourceConnectionProviderImpl.java:122)
	at org.hibernate.engine.jdbc.env.internal.JdbcEnvironmentInitiator$ConnectionProviderJdbcConnectionAccess.obtainConnection(JdbcEnvironmentInitiator.java:181)
	at org.hibernate.engine.jdbc.env.internal.JdbcEnvironmentInitiator.initiateService(JdbcEnvironmentInitiator.java:68)
	at org.hibernate.engine.jdbc.env.internal.JdbcEnvironmentInitiator.initiateService(JdbcEnvironmentInitiator.java:35)
	at org.hibernate.boot.registry.internal.StandardServiceRegistryImpl.initiateService(StandardServiceRegistryImpl.java:101)
	at org.hibernate.service.internal.AbstractServiceRegistryImpl.createService(AbstractServiceRegistryImpl.java:263)
	at org.hibernate.service.internal.AbstractServiceRegistryImpl.initializeService(AbstractServiceRegistryImpl.java:237)
	at org.hibernate.service.internal.AbstractServiceRegistryImpl.getService(AbstractServiceRegistryImpl.java:214)
	at org.hibernate.id.factory.internal.DefaultIdentifierGeneratorFactory.injectServices(DefaultIdentifierGeneratorFactory.java:175)
	at org.hibernate.service.internal.AbstractServiceRegistryImpl.injectDependencies(AbstractServiceRegistryImpl.java:286)
	at org.hibernate.service.internal.AbstractServiceRegistryImpl.initializeService(AbstractServiceRegistryImpl.java:243)
	at org.hibernate.service.internal.AbstractServiceRegistryImpl.getService(AbstractServiceRegistryImpl.java:214)
	at org.hibernate.boot.internal.InFlightMetadataCollectorImpl.<init>(InFlightMetadataCollectorImpl.java:173)
	at org.hibernate.boot.model.process.spi.MetadataBuildingProcess.complete(MetadataBuildingProcess.java:127)
	at org.hibernate.jpa.boot.internal.EntityManagerFactoryBuilderImpl.metadata(EntityManagerFactoryBuilderImpl.java:1460)
	at org.hibernate.jpa.boot.internal.EntityManagerFactoryBuilderImpl.build(EntityManagerFactoryBuilderImpl.java:1494)
	at org.springframework.orm.jpa.vendor.SpringHibernateJpaPersistenceProvider.createContainerEntityManagerFactory(SpringHibernateJpaPersistenceProvider.java:58)
	at org.springframework.orm.jpa.LocalContainerEntityManagerFactoryBean.createNativeEntityManagerFactory(LocalContainerEntityManagerFactoryBean.java:365)
	at org.springframework.orm.jpa.AbstractEntityManagerFactoryBean.buildNativeEntityManagerFactory(AbstractEntityManagerFactoryBean.java:409)
	at org.springframework.orm.jpa.AbstractEntityManagerFactoryBean.afterPropertiesSet(AbstractEntityManagerFactoryBean.java:396)
	at org.springframework.orm.jpa.LocalContainerEntityManagerFactoryBean.afterPropertiesSet(LocalContainerEntityManagerFactoryBean.java:341)
	at org.springframework.beans.factory.support.AbstractAutowireCapableBeanFactory.invokeInitMethods(AbstractAutowireCapableBeanFactory.java:1863)
	at org.springframework.beans.factory.support.AbstractAutowireCapableBeanFactory.initializeBean(AbstractAutowireCapableBeanFactory.java:1800)
	at org.springframework.beans.factory.support.AbstractAutowireCapableBeanFactory.doCreateBean(AbstractAutowireCapableBeanFactory.java:620)
	at org.springframework.beans.factory.support.AbstractAutowireCapableBeanFactory.createBean(AbstractAutowireCapableBeanFactory.java:542)
	at org.springframework.beans.factory.support.AbstractBeanFactory.lambda$doGetBean$0(AbstractBeanFactory.java:335)
	at org.springframework.beans.factory.support.DefaultSingletonBeanRegistry.getSingleton(DefaultSingletonBeanRegistry.java:234)
	at org.springframework.beans.factory.support.AbstractBeanFactory.doGetBean(AbstractBeanFactory.java:333)
	at org.springframework.beans.factory.support.AbstractBeanFactory.getBean(AbstractBeanFactory.java:208)
	at org.springframework.context.support.AbstractApplicationContext.getBean(AbstractApplicationContext.java:1154)
	at org.springframework.context.support.AbstractApplicationContext.finishBeanFactoryInitialization(AbstractApplicationContext.java:908)
	at org.springframework.context.support.AbstractApplicationContext.refresh(AbstractApplicationContext.java:583)
	at org.springframework.boot.web.servlet.context.ServletWebServerApplicationContext.refresh(ServletWebServerApplicationContext.java:147)
	at org.springframework.boot.SpringApplication.refresh(SpringApplication.java:734)
	at org.springframework.boot.SpringApplication.refreshContext(SpringApplication.java:408)
	at org.springframework.boot.SpringApplication.run(SpringApplication.java:308)
	at org.springframework.boot.SpringApplication.run(SpringApplication.java:1306)
	at org.springframework.boot.SpringApplication.run(SpringApplication.java:1295)
	at com.sam.SamApplication.main(SamApplication.java:10)
2022-10-28 16:00:12,744 ERROR AbstractEntityManagerFactoryBean:426 - [] Failed to initialize JPA EntityManagerFactory: Unable to create requested service [org.hibernate.engine.jdbc.env.spi.JdbcEnvironment]
2022-10-28 16:00:12,745 WARN  AbstractApplicationContext:591 - [] Exception encountered during context initialization - cancelling refresh attempt: org.springframework.beans.factory.BeanCreationException: Error creating bean with name 'entityManagerFactory' defined in class path resource [org/springframework/boot/autoconfigure/orm/jpa/HibernateJpaConfiguration.class]: Invocation of init method failed; nested exception is org.hibernate.service.spi.ServiceException: Unable to create requested service [org.hibernate.engine.jdbc.env.spi.JdbcEnvironment]
2022-10-28 16:00:12,747 INFO  DirectJDKLog:173 - [] Stopping service [Tomcat]
2022-10-28 16:00:12,761 INFO  ConditionEvaluationReportLoggingListener:136 - [] 

Error starting ApplicationContext. To display the conditions report re-run your application with 'debug' enabled.
2022-10-28 16:00:12,771 ERROR SpringApplication:824 - [] Application run failed
org.springframework.beans.factory.BeanCreationException: Error creating bean with name 'entityManagerFactory' defined in class path resource [org/springframework/boot/autoconfigure/orm/jpa/HibernateJpaConfiguration.class]: Invocation of init method failed; nested exception is org.hibernate.service.spi.ServiceException: Unable to create requested service [org.hibernate.engine.jdbc.env.spi.JdbcEnvironment]
	at org.springframework.beans.factory.support.AbstractAutowireCapableBeanFactory.initializeBean(AbstractAutowireCapableBeanFactory.java:1804)
	at org.springframework.beans.factory.support.AbstractAutowireCapableBeanFactory.doCreateBean(AbstractAutowireCapableBeanFactory.java:620)
	at org.springframework.beans.factory.support.AbstractAutowireCapableBeanFactory.createBean(AbstractAutowireCapableBeanFactory.java:542)
	at org.springframework.beans.factory.support.AbstractBeanFactory.lambda$doGetBean$0(AbstractBeanFactory.java:335)
	at org.springframework.beans.factory.support.DefaultSingletonBeanRegistry.getSingleton(DefaultSingletonBeanRegistry.java:234)
	at org.springframework.beans.factory.support.AbstractBeanFactory.doGetBean(AbstractBeanFactory.java:333)
	at org.springframework.beans.factory.support.AbstractBeanFactory.getBean(AbstractBeanFactory.java:208)
	at org.springframework.context.support.AbstractApplicationContext.getBean(AbstractApplicationContext.java:1154)
	at org.springframework.context.support.AbstractApplicationContext.finishBeanFactoryInitialization(AbstractApplicationContext.java:908)
	at org.springframework.context.support.AbstractApplicationContext.refresh(AbstractApplicationContext.java:583)
	at org.springframework.boot.web.servlet.context.ServletWebServerApplicationContext.refresh(ServletWebServerApplicationContext.java:147)
	at org.springframework.boot.SpringApplication.refresh(SpringApplication.java:734)
	at org.springframework.boot.SpringApplication.refreshContext(SpringApplication.java:408)
	at org.springframework.boot.SpringApplication.run(SpringApplication.java:308)
	at org.springframework.boot.SpringApplication.run(SpringApplication.java:1306)
	at org.springframework.boot.SpringApplication.run(SpringApplication.java:1295)
	at com.sam.SamApplication.main(SamApplication.java:10)
Caused by: org.hibernate.service.spi.ServiceException: Unable to create requested service [org.hibernate.engine.jdbc.env.spi.JdbcEnvironment]
	at org.hibernate.service.internal.AbstractServiceRegistryImpl.createService(AbstractServiceRegistryImpl.java:275)
	at org.hibernate.service.internal.AbstractServiceRegistryImpl.initializeService(AbstractServiceRegistryImpl.java:237)
	at org.hibernate.service.internal.AbstractServiceRegistryImpl.getService(AbstractServiceRegistryImpl.java:214)
	at org.hibernate.id.factory.internal.DefaultIdentifierGeneratorFactory.injectServices(DefaultIdentifierGeneratorFactory.java:175)
	at org.hibernate.service.internal.AbstractServiceRegistryImpl.injectDependencies(AbstractServiceRegistryImpl.java:286)
	at org.hibernate.service.internal.AbstractServiceRegistryImpl.initializeService(AbstractServiceRegistryImpl.java:243)
	at org.hibernate.service.internal.AbstractServiceRegistryImpl.getService(AbstractServiceRegistryImpl.java:214)
	at org.hibernate.boot.internal.InFlightMetadataCollectorImpl.<init>(InFlightMetadataCollectorImpl.java:173)
	at org.hibernate.boot.model.process.spi.MetadataBuildingProcess.complete(MetadataBuildingProcess.java:127)
	at org.hibernate.jpa.boot.internal.EntityManagerFactoryBuilderImpl.metadata(EntityManagerFactoryBuilderImpl.java:1460)
	at org.hibernate.jpa.boot.internal.EntityManagerFactoryBuilderImpl.build(EntityManagerFactoryBuilderImpl.java:1494)
	at org.springframework.orm.jpa.vendor.SpringHibernateJpaPersistenceProvider.createContainerEntityManagerFactory(SpringHibernateJpaPersistenceProvider.java:58)
	at org.springframework.orm.jpa.LocalContainerEntityManagerFactoryBean.createNativeEntityManagerFactory(LocalContainerEntityManagerFactoryBean.java:365)
	at org.springframework.orm.jpa.AbstractEntityManagerFactoryBean.buildNativeEntityManagerFactory(AbstractEntityManagerFactoryBean.java:409)
	at org.springframework.orm.jpa.AbstractEntityManagerFactoryBean.afterPropertiesSet(AbstractEntityManagerFactoryBean.java:396)
	at org.springframework.orm.jpa.LocalContainerEntityManagerFactoryBean.afterPropertiesSet(LocalContainerEntityManagerFactoryBean.java:341)
	at org.springframework.beans.factory.support.AbstractAutowireCapableBeanFactory.invokeInitMethods(AbstractAutowireCapableBeanFactory.java:1863)
	at org.springframework.beans.factory.support.AbstractAutowireCapableBeanFactory.initializeBean(AbstractAutowireCapableBeanFactory.java:1800)
	... 16 common frames omitted
Caused by: org.hibernate.HibernateException: Access to DialectResolutionInfo cannot be null when 'hibernate.dialect' not set
	at org.hibernate.engine.jdbc.dialect.internal.DialectFactoryImpl.determineDialect(DialectFactoryImpl.java:100)
	at org.hibernate.engine.jdbc.dialect.internal.DialectFactoryImpl.buildDialect(DialectFactoryImpl.java:54)
	at org.hibernate.engine.jdbc.env.internal.JdbcEnvironmentInitiator.initiateService(JdbcEnvironmentInitiator.java:138)
	at org.hibernate.engine.jdbc.env.internal.JdbcEnvironmentInitiator.initiateService(JdbcEnvironmentInitiator.java:35)
	at org.hibernate.boot.registry.internal.StandardServiceRegistryImpl.initiateService(StandardServiceRegistryImpl.java:101)
	at org.hibernate.service.internal.AbstractServiceRegistryImpl.createService(AbstractServiceRegistryImpl.java:263)
	... 33 common frames omitted
2022-10-28 16:53:35,039 INFO  StartupInfoLogger:55 - [] Starting SamApplication using Java 17.0.4.1 on emma-whatson with PID 92629 (/home/innovix00/git/simple/sam/target/classes started by innovix00 in /home/innovix00/git/simple/sam)
2022-10-28 16:53:35,041 INFO  SpringApplication:640 - [] The following 1 profile is active: "dev"
2022-10-28 16:53:35,413 INFO  RepositoryConfigurationDelegate:132 - [] Bootstrapping Spring Data JPA repositories in DEFAULT mode.
2022-10-28 16:53:35,456 INFO  RepositoryConfigurationDelegate:201 - [] Finished Spring Data repository scanning in 34 ms. Found 1 JPA repository interfaces.
2022-10-28 16:53:35,457 INFO  RepositoryConfigurationDelegate:132 - [] Bootstrapping Spring Data JPA repositories in DEFAULT mode.
2022-10-28 16:53:35,461 INFO  RepositoryConfigurationDelegate:201 - [] Finished Spring Data repository scanning in 4 ms. Found 1 JPA repository interfaces.
2022-10-28 16:53:35,962 INFO  TomcatWebServer:108 - [] Tomcat initialized with port(s): 8080 (http)
2022-10-28 16:53:35,971 INFO  DirectJDKLog:173 - [] Starting service [Tomcat]
2022-10-28 16:53:35,971 INFO  DirectJDKLog:173 - [] Starting Servlet engine: [Apache Tomcat/9.0.68]
2022-10-28 16:53:36,056 INFO  DirectJDKLog:173 - [] Initializing Spring embedded WebApplicationContext
2022-10-28 16:53:36,056 INFO  ServletWebServerApplicationContext:292 - [] Root WebApplicationContext: initialization completed in 981 ms
2022-10-28 16:53:36,210 INFO  LogHelper:31 - [] HHH000204: Processing PersistenceUnitInfo [name: db1]
2022-10-28 16:53:36,247 INFO  Version:44 - [] HHH000412: Hibernate ORM core version 5.6.12.Final
2022-10-28 16:53:36,359 INFO  JavaReflectionManager:56 - [] HCANN000001: Hibernate Commons Annotations {5.1.2.Final}
2022-10-28 16:53:36,447 INFO  HikariDataSource:110 - [] HikariPool-1 - Starting...
2022-10-28 16:53:37,685 ERROR HikariPool:594 - [] HikariPool-1 - Exception during pool initialization.
org.postgresql.util.PSQLException: FATAL: password authentication failed for user "postgreslll"
	at org.postgresql.core.v3.ConnectionFactoryImpl.doAuthentication(ConnectionFactoryImpl.java:646)
	at org.postgresql.core.v3.ConnectionFactoryImpl.tryConnect(ConnectionFactoryImpl.java:180)
	at org.postgresql.core.v3.ConnectionFactoryImpl.openConnectionImpl(ConnectionFactoryImpl.java:235)
	at org.postgresql.core.ConnectionFactory.openConnection(ConnectionFactory.java:49)
	at org.postgresql.jdbc.PgConnection.<init>(PgConnection.java:223)
	at org.postgresql.Driver.makeConnection(Driver.java:402)
	at org.postgresql.Driver.connect(Driver.java:261)
	at com.zaxxer.hikari.util.DriverDataSource.getConnection(DriverDataSource.java:138)
	at com.zaxxer.hikari.pool.PoolBase.newConnection(PoolBase.java:364)
	at com.zaxxer.hikari.pool.PoolBase.newPoolEntry(PoolBase.java:206)
	at com.zaxxer.hikari.pool.HikariPool.createPoolEntry(HikariPool.java:476)
	at com.zaxxer.hikari.pool.HikariPool.checkFailFast(HikariPool.java:561)
	at com.zaxxer.hikari.pool.HikariPool.<init>(HikariPool.java:115)
	at com.zaxxer.hikari.HikariDataSource.getConnection(HikariDataSource.java:112)
	at org.hibernate.engine.jdbc.connections.internal.DatasourceConnectionProviderImpl.getConnection(DatasourceConnectionProviderImpl.java:122)
	at org.hibernate.engine.jdbc.env.internal.JdbcEnvironmentInitiator$ConnectionProviderJdbcConnectionAccess.obtainConnection(JdbcEnvironmentInitiator.java:181)
	at org.hibernate.engine.jdbc.env.internal.JdbcEnvironmentInitiator.initiateService(JdbcEnvironmentInitiator.java:68)
	at org.hibernate.engine.jdbc.env.internal.JdbcEnvironmentInitiator.initiateService(JdbcEnvironmentInitiator.java:35)
	at org.hibernate.boot.registry.internal.StandardServiceRegistryImpl.initiateService(StandardServiceRegistryImpl.java:101)
	at org.hibernate.service.internal.AbstractServiceRegistryImpl.createService(AbstractServiceRegistryImpl.java:263)
	at org.hibernate.service.internal.AbstractServiceRegistryImpl.initializeService(AbstractServiceRegistryImpl.java:237)
	at org.hibernate.service.internal.AbstractServiceRegistryImpl.getService(AbstractServiceRegistryImpl.java:214)
	at org.hibernate.id.factory.internal.DefaultIdentifierGeneratorFactory.injectServices(DefaultIdentifierGeneratorFactory.java:175)
	at org.hibernate.service.internal.AbstractServiceRegistryImpl.injectDependencies(AbstractServiceRegistryImpl.java:286)
	at org.hibernate.service.internal.AbstractServiceRegistryImpl.initializeService(AbstractServiceRegistryImpl.java:243)
	at org.hibernate.service.internal.AbstractServiceRegistryImpl.getService(AbstractServiceRegistryImpl.java:214)
	at org.hibernate.boot.internal.InFlightMetadataCollectorImpl.<init>(InFlightMetadataCollectorImpl.java:173)
	at org.hibernate.boot.model.process.spi.MetadataBuildingProcess.complete(MetadataBuildingProcess.java:127)
	at org.hibernate.jpa.boot.internal.EntityManagerFactoryBuilderImpl.metadata(EntityManagerFactoryBuilderImpl.java:1460)
	at org.hibernate.jpa.boot.internal.EntityManagerFactoryBuilderImpl.build(EntityManagerFactoryBuilderImpl.java:1494)
	at org.springframework.orm.jpa.vendor.SpringHibernateJpaPersistenceProvider.createContainerEntityManagerFactory(SpringHibernateJpaPersistenceProvider.java:58)
	at org.springframework.orm.jpa.LocalContainerEntityManagerFactoryBean.createNativeEntityManagerFactory(LocalContainerEntityManagerFactoryBean.java:365)
	at org.springframework.orm.jpa.AbstractEntityManagerFactoryBean.buildNativeEntityManagerFactory(AbstractEntityManagerFactoryBean.java:409)
	at org.springframework.orm.jpa.AbstractEntityManagerFactoryBean.afterPropertiesSet(AbstractEntityManagerFactoryBean.java:396)
	at org.springframework.orm.jpa.LocalContainerEntityManagerFactoryBean.afterPropertiesSet(LocalContainerEntityManagerFactoryBean.java:341)
	at org.springframework.beans.factory.support.AbstractAutowireCapableBeanFactory.invokeInitMethods(AbstractAutowireCapableBeanFactory.java:1863)
	at org.springframework.beans.factory.support.AbstractAutowireCapableBeanFactory.initializeBean(AbstractAutowireCapableBeanFactory.java:1800)
	at org.springframework.beans.factory.support.AbstractAutowireCapableBeanFactory.doCreateBean(AbstractAutowireCapableBeanFactory.java:620)
	at org.springframework.beans.factory.support.AbstractAutowireCapableBeanFactory.createBean(AbstractAutowireCapableBeanFactory.java:542)
	at org.springframework.beans.factory.support.AbstractBeanFactory.lambda$doGetBean$0(AbstractBeanFactory.java:335)
	at org.springframework.beans.factory.support.DefaultSingletonBeanRegistry.getSingleton(DefaultSingletonBeanRegistry.java:234)
	at org.springframework.beans.factory.support.AbstractBeanFactory.doGetBean(AbstractBeanFactory.java:333)
	at org.springframework.beans.factory.support.AbstractBeanFactory.getBean(AbstractBeanFactory.java:208)
	at org.springframework.context.support.AbstractApplicationContext.getBean(AbstractApplicationContext.java:1154)
	at org.springframework.context.support.AbstractApplicationContext.finishBeanFactoryInitialization(AbstractApplicationContext.java:908)
	at org.springframework.context.support.AbstractApplicationContext.refresh(AbstractApplicationContext.java:583)
	at org.springframework.boot.web.servlet.context.ServletWebServerApplicationContext.refresh(ServletWebServerApplicationContext.java:147)
	at org.springframework.boot.SpringApplication.refresh(SpringApplication.java:734)
	at org.springframework.boot.SpringApplication.refreshContext(SpringApplication.java:408)
	at org.springframework.boot.SpringApplication.run(SpringApplication.java:308)
	at org.springframework.boot.SpringApplication.run(SpringApplication.java:1306)
	at org.springframework.boot.SpringApplication.run(SpringApplication.java:1295)
	at com.sam.SamApplication.main(SamApplication.java:10)
2022-10-28 16:53:37,687 WARN  JdbcEnvironmentInitiator:133 - [] HHH000342: Could not obtain connection to query metadata
org.postgresql.util.PSQLException: FATAL: password authentication failed for user "postgreslll"
	at org.postgresql.core.v3.ConnectionFactoryImpl.doAuthentication(ConnectionFactoryImpl.java:646)
	at org.postgresql.core.v3.ConnectionFactoryImpl.tryConnect(ConnectionFactoryImpl.java:180)
	at org.postgresql.core.v3.ConnectionFactoryImpl.openConnectionImpl(ConnectionFactoryImpl.java:235)
	at org.postgresql.core.ConnectionFactory.openConnection(ConnectionFactory.java:49)
	at org.postgresql.jdbc.PgConnection.<init>(PgConnection.java:223)
	at org.postgresql.Driver.makeConnection(Driver.java:402)
	at org.postgresql.Driver.connect(Driver.java:261)
	at com.zaxxer.hikari.util.DriverDataSource.getConnection(DriverDataSource.java:138)
	at com.zaxxer.hikari.pool.PoolBase.newConnection(PoolBase.java:364)
	at com.zaxxer.hikari.pool.PoolBase.newPoolEntry(PoolBase.java:206)
	at com.zaxxer.hikari.pool.HikariPool.createPoolEntry(HikariPool.java:476)
	at com.zaxxer.hikari.pool.HikariPool.checkFailFast(HikariPool.java:561)
	at com.zaxxer.hikari.pool.HikariPool.<init>(HikariPool.java:115)
	at com.zaxxer.hikari.HikariDataSource.getConnection(HikariDataSource.java:112)
	at org.hibernate.engine.jdbc.connections.internal.DatasourceConnectionProviderImpl.getConnection(DatasourceConnectionProviderImpl.java:122)
	at org.hibernate.engine.jdbc.env.internal.JdbcEnvironmentInitiator$ConnectionProviderJdbcConnectionAccess.obtainConnection(JdbcEnvironmentInitiator.java:181)
	at org.hibernate.engine.jdbc.env.internal.JdbcEnvironmentInitiator.initiateService(JdbcEnvironmentInitiator.java:68)
	at org.hibernate.engine.jdbc.env.internal.JdbcEnvironmentInitiator.initiateService(JdbcEnvironmentInitiator.java:35)
	at org.hibernate.boot.registry.internal.StandardServiceRegistryImpl.initiateService(StandardServiceRegistryImpl.java:101)
	at org.hibernate.service.internal.AbstractServiceRegistryImpl.createService(AbstractServiceRegistryImpl.java:263)
	at org.hibernate.service.internal.AbstractServiceRegistryImpl.initializeService(AbstractServiceRegistryImpl.java:237)
	at org.hibernate.service.internal.AbstractServiceRegistryImpl.getService(AbstractServiceRegistryImpl.java:214)
	at org.hibernate.id.factory.internal.DefaultIdentifierGeneratorFactory.injectServices(DefaultIdentifierGeneratorFactory.java:175)
	at org.hibernate.service.internal.AbstractServiceRegistryImpl.injectDependencies(AbstractServiceRegistryImpl.java:286)
	at org.hibernate.service.internal.AbstractServiceRegistryImpl.initializeService(AbstractServiceRegistryImpl.java:243)
	at org.hibernate.service.internal.AbstractServiceRegistryImpl.getService(AbstractServiceRegistryImpl.java:214)
	at org.hibernate.boot.internal.InFlightMetadataCollectorImpl.<init>(InFlightMetadataCollectorImpl.java:173)
	at org.hibernate.boot.model.process.spi.MetadataBuildingProcess.complete(MetadataBuildingProcess.java:127)
	at org.hibernate.jpa.boot.internal.EntityManagerFactoryBuilderImpl.metadata(EntityManagerFactoryBuilderImpl.java:1460)
	at org.hibernate.jpa.boot.internal.EntityManagerFactoryBuilderImpl.build(EntityManagerFactoryBuilderImpl.java:1494)
	at org.springframework.orm.jpa.vendor.SpringHibernateJpaPersistenceProvider.createContainerEntityManagerFactory(SpringHibernateJpaPersistenceProvider.java:58)
	at org.springframework.orm.jpa.LocalContainerEntityManagerFactoryBean.createNativeEntityManagerFactory(LocalContainerEntityManagerFactoryBean.java:365)
	at org.springframework.orm.jpa.AbstractEntityManagerFactoryBean.buildNativeEntityManagerFactory(AbstractEntityManagerFactoryBean.java:409)
	at org.springframework.orm.jpa.AbstractEntityManagerFactoryBean.afterPropertiesSet(AbstractEntityManagerFactoryBean.java:396)
	at org.springframework.orm.jpa.LocalContainerEntityManagerFactoryBean.afterPropertiesSet(LocalContainerEntityManagerFactoryBean.java:341)
	at org.springframework.beans.factory.support.AbstractAutowireCapableBeanFactory.invokeInitMethods(AbstractAutowireCapableBeanFactory.java:1863)
	at org.springframework.beans.factory.support.AbstractAutowireCapableBeanFactory.initializeBean(AbstractAutowireCapableBeanFactory.java:1800)
	at org.springframework.beans.factory.support.AbstractAutowireCapableBeanFactory.doCreateBean(AbstractAutowireCapableBeanFactory.java:620)
	at org.springframework.beans.factory.support.AbstractAutowireCapableBeanFactory.createBean(AbstractAutowireCapableBeanFactory.java:542)
	at org.springframework.beans.factory.support.AbstractBeanFactory.lambda$doGetBean$0(AbstractBeanFactory.java:335)
	at org.springframework.beans.factory.support.DefaultSingletonBeanRegistry.getSingleton(DefaultSingletonBeanRegistry.java:234)
	at org.springframework.beans.factory.support.AbstractBeanFactory.doGetBean(AbstractBeanFactory.java:333)
	at org.springframework.beans.factory.support.AbstractBeanFactory.getBean(AbstractBeanFactory.java:208)
	at org.springframework.context.support.AbstractApplicationContext.getBean(AbstractApplicationContext.java:1154)
	at org.springframework.context.support.AbstractApplicationContext.finishBeanFactoryInitialization(AbstractApplicationContext.java:908)
	at org.springframework.context.support.AbstractApplicationContext.refresh(AbstractApplicationContext.java:583)
	at org.springframework.boot.web.servlet.context.ServletWebServerApplicationContext.refresh(ServletWebServerApplicationContext.java:147)
	at org.springframework.boot.SpringApplication.refresh(SpringApplication.java:734)
	at org.springframework.boot.SpringApplication.refreshContext(SpringApplication.java:408)
	at org.springframework.boot.SpringApplication.run(SpringApplication.java:308)
	at org.springframework.boot.SpringApplication.run(SpringApplication.java:1306)
	at org.springframework.boot.SpringApplication.run(SpringApplication.java:1295)
	at com.sam.SamApplication.main(SamApplication.java:10)
2022-10-28 16:53:37,689 ERROR AbstractEntityManagerFactoryBean:426 - [] Failed to initialize JPA EntityManagerFactory: Unable to create requested service [org.hibernate.engine.jdbc.env.spi.JdbcEnvironment]
2022-10-28 16:53:37,690 WARN  AbstractApplicationContext:591 - [] Exception encountered during context initialization - cancelling refresh attempt: org.springframework.beans.factory.BeanCreationException: Error creating bean with name 'companyentityManagerFactory' defined in class path resource [com/sam/company/config/CompanyConfig.class]: Invocation of init method failed; nested exception is org.hibernate.service.spi.ServiceException: Unable to create requested service [org.hibernate.engine.jdbc.env.spi.JdbcEnvironment]
2022-10-28 16:53:37,693 INFO  DirectJDKLog:173 - [] Stopping service [Tomcat]
2022-10-28 16:53:37,703 INFO  ConditionEvaluationReportLoggingListener:136 - [] 

Error starting ApplicationContext. To display the conditions report re-run your application with 'debug' enabled.
2022-10-28 16:53:37,716 ERROR SpringApplication:824 - [] Application run failed
org.springframework.beans.factory.BeanCreationException: Error creating bean with name 'companyentityManagerFactory' defined in class path resource [com/sam/company/config/CompanyConfig.class]: Invocation of init method failed; nested exception is org.hibernate.service.spi.ServiceException: Unable to create requested service [org.hibernate.engine.jdbc.env.spi.JdbcEnvironment]
	at org.springframework.beans.factory.support.AbstractAutowireCapableBeanFactory.initializeBean(AbstractAutowireCapableBeanFactory.java:1804)
	at org.springframework.beans.factory.support.AbstractAutowireCapableBeanFactory.doCreateBean(AbstractAutowireCapableBeanFactory.java:620)
	at org.springframework.beans.factory.support.AbstractAutowireCapableBeanFactory.createBean(AbstractAutowireCapableBeanFactory.java:542)
	at org.springframework.beans.factory.support.AbstractBeanFactory.lambda$doGetBean$0(AbstractBeanFactory.java:335)
	at org.springframework.beans.factory.support.DefaultSingletonBeanRegistry.getSingleton(DefaultSingletonBeanRegistry.java:234)
	at org.springframework.beans.factory.support.AbstractBeanFactory.doGetBean(AbstractBeanFactory.java:333)
	at org.springframework.beans.factory.support.AbstractBeanFactory.getBean(AbstractBeanFactory.java:208)
	at org.springframework.context.support.AbstractApplicationContext.getBean(AbstractApplicationContext.java:1154)
	at org.springframework.context.support.AbstractApplicationContext.finishBeanFactoryInitialization(AbstractApplicationContext.java:908)
	at org.springframework.context.support.AbstractApplicationContext.refresh(AbstractApplicationContext.java:583)
	at org.springframework.boot.web.servlet.context.ServletWebServerApplicationContext.refresh(ServletWebServerApplicationContext.java:147)
	at org.springframework.boot.SpringApplication.refresh(SpringApplication.java:734)
	at org.springframework.boot.SpringApplication.refreshContext(SpringApplication.java:408)
	at org.springframework.boot.SpringApplication.run(SpringApplication.java:308)
	at org.springframework.boot.SpringApplication.run(SpringApplication.java:1306)
	at org.springframework.boot.SpringApplication.run(SpringApplication.java:1295)
	at com.sam.SamApplication.main(SamApplication.java:10)
Caused by: org.hibernate.service.spi.ServiceException: Unable to create requested service [org.hibernate.engine.jdbc.env.spi.JdbcEnvironment]
	at org.hibernate.service.internal.AbstractServiceRegistryImpl.createService(AbstractServiceRegistryImpl.java:275)
	at org.hibernate.service.internal.AbstractServiceRegistryImpl.initializeService(AbstractServiceRegistryImpl.java:237)
	at org.hibernate.service.internal.AbstractServiceRegistryImpl.getService(AbstractServiceRegistryImpl.java:214)
	at org.hibernate.id.factory.internal.DefaultIdentifierGeneratorFactory.injectServices(DefaultIdentifierGeneratorFactory.java:175)
	at org.hibernate.service.internal.AbstractServiceRegistryImpl.injectDependencies(AbstractServiceRegistryImpl.java:286)
	at org.hibernate.service.internal.AbstractServiceRegistryImpl.initializeService(AbstractServiceRegistryImpl.java:243)
	at org.hibernate.service.internal.AbstractServiceRegistryImpl.getService(AbstractServiceRegistryImpl.java:214)
	at org.hibernate.boot.internal.InFlightMetadataCollectorImpl.<init>(InFlightMetadataCollectorImpl.java:173)
	at org.hibernate.boot.model.process.spi.MetadataBuildingProcess.complete(MetadataBuildingProcess.java:127)
	at org.hibernate.jpa.boot.internal.EntityManagerFactoryBuilderImpl.metadata(EntityManagerFactoryBuilderImpl.java:1460)
	at org.hibernate.jpa.boot.internal.EntityManagerFactoryBuilderImpl.build(EntityManagerFactoryBuilderImpl.java:1494)
	at org.springframework.orm.jpa.vendor.SpringHibernateJpaPersistenceProvider.createContainerEntityManagerFactory(SpringHibernateJpaPersistenceProvider.java:58)
	at org.springframework.orm.jpa.LocalContainerEntityManagerFactoryBean.createNativeEntityManagerFactory(LocalContainerEntityManagerFactoryBean.java:365)
	at org.springframework.orm.jpa.AbstractEntityManagerFactoryBean.buildNativeEntityManagerFactory(AbstractEntityManagerFactoryBean.java:409)
	at org.springframework.orm.jpa.AbstractEntityManagerFactoryBean.afterPropertiesSet(AbstractEntityManagerFactoryBean.java:396)
	at org.springframework.orm.jpa.LocalContainerEntityManagerFactoryBean.afterPropertiesSet(LocalContainerEntityManagerFactoryBean.java:341)
	at org.springframework.beans.factory.support.AbstractAutowireCapableBeanFactory.invokeInitMethods(AbstractAutowireCapableBeanFactory.java:1863)
	at org.springframework.beans.factory.support.AbstractAutowireCapableBeanFactory.initializeBean(AbstractAutowireCapableBeanFactory.java:1800)
	... 16 common frames omitted
Caused by: org.hibernate.HibernateException: Access to DialectResolutionInfo cannot be null when 'hibernate.dialect' not set
	at org.hibernate.engine.jdbc.dialect.internal.DialectFactoryImpl.determineDialect(DialectFactoryImpl.java:100)
	at org.hibernate.engine.jdbc.dialect.internal.DialectFactoryImpl.buildDialect(DialectFactoryImpl.java:54)
	at org.hibernate.engine.jdbc.env.internal.JdbcEnvironmentInitiator.initiateService(JdbcEnvironmentInitiator.java:138)
	at org.hibernate.engine.jdbc.env.internal.JdbcEnvironmentInitiator.initiateService(JdbcEnvironmentInitiator.java:35)
	at org.hibernate.boot.registry.internal.StandardServiceRegistryImpl.initiateService(StandardServiceRegistryImpl.java:101)
	at org.hibernate.service.internal.AbstractServiceRegistryImpl.createService(AbstractServiceRegistryImpl.java:263)
	... 33 common frames omitted
2022-10-28 16:54:06,666 INFO  StartupInfoLogger:55 - [] Starting SamApplication using Java 17.0.4.1 on emma-whatson with PID 92798 (/home/innovix00/git/simple/sam/target/classes started by innovix00 in /home/innovix00/git/simple/sam)
2022-10-28 16:54:06,668 INFO  SpringApplication:634 - [] No active profile set, falling back to 1 default profile: "default"
2022-10-28 16:54:06,917 INFO  RepositoryConfigurationDelegate:132 - [] Bootstrapping Spring Data JPA repositories in DEFAULT mode.
2022-10-28 16:54:06,947 INFO  RepositoryConfigurationDelegate:201 - [] Finished Spring Data repository scanning in 22 ms. Found 1 JPA repository interfaces.
2022-10-28 16:54:06,947 INFO  RepositoryConfigurationDelegate:132 - [] Bootstrapping Spring Data JPA repositories in DEFAULT mode.
2022-10-28 16:54:06,950 INFO  RepositoryConfigurationDelegate:201 - [] Finished Spring Data repository scanning in 2 ms. Found 1 JPA repository interfaces.
2022-10-28 16:54:07,359 INFO  TomcatWebServer:108 - [] Tomcat initialized with port(s): 8080 (http)
2022-10-28 16:54:07,365 INFO  DirectJDKLog:173 - [] Starting service [Tomcat]
2022-10-28 16:54:07,365 INFO  DirectJDKLog:173 - [] Starting Servlet engine: [Apache Tomcat/9.0.68]
2022-10-28 16:54:07,418 INFO  DirectJDKLog:173 - [] Initializing Spring embedded WebApplicationContext
2022-10-28 16:54:07,418 INFO  ServletWebServerApplicationContext:292 - [] Root WebApplicationContext: initialization completed in 718 ms
2022-10-28 16:54:07,519 INFO  LogHelper:31 - [] HHH000204: Processing PersistenceUnitInfo [name: db1]
2022-10-28 16:54:07,544 INFO  Version:44 - [] HHH000412: Hibernate ORM core version 5.6.12.Final
2022-10-28 16:54:07,626 INFO  JavaReflectionManager:56 - [] HCANN000001: Hibernate Commons Annotations {5.1.2.Final}
2022-10-28 16:54:07,695 INFO  HikariDataSource:110 - [] HikariPool-1 - Starting...
2022-10-28 16:54:07,885 INFO  HikariDataSource:123 - [] HikariPool-1 - Start completed.
2022-10-28 16:54:07,901 INFO  Dialect:175 - [] HHH000400: Using dialect: org.hibernate.dialect.PostgreSQL10Dialect
2022-10-28 16:54:08,188 INFO  JtaPlatformInitiator:52 - [] HHH000490: Using JtaPlatform implementation: [org.hibernate.engine.transaction.jta.platform.internal.NoJtaPlatform]
2022-10-28 16:54:08,193 INFO  AbstractEntityManagerFactoryBean:437 - [] Initialized JPA EntityManagerFactory for persistence unit 'db1'
2022-10-28 16:54:08,205 INFO  LogHelper:31 - [] HHH000204: Processing PersistenceUnitInfo [name: db2]
2022-10-28 16:54:08,211 INFO  HikariDataSource:110 - [] HikariPool-2 - Starting...
2022-10-28 16:54:08,235 INFO  HikariDataSource:123 - [] HikariPool-2 - Start completed.
2022-10-28 16:54:08,236 INFO  Dialect:175 - [] HHH000400: Using dialect: org.hibernate.dialect.PostgreSQL10Dialect
2022-10-28 16:54:08,256 INFO  JtaPlatformInitiator:52 - [] HHH000490: Using JtaPlatform implementation: [org.hibernate.engine.transaction.jta.platform.internal.NoJtaPlatform]
2022-10-28 16:54:08,257 INFO  AbstractEntityManagerFactoryBean:437 - [] Initialized JPA EntityManagerFactory for persistence unit 'db2'
2022-10-28 16:54:08,472 WARN  JpaBaseConfiguration$JpaWebConfiguration:219 - [] spring.jpa.open-in-view is enabled by default. Therefore, database queries may be performed during view rendering. Explicitly configure spring.jpa.open-in-view to disable this warning
2022-10-28 16:54:08,723 INFO  TomcatWebServer:220 - [] Tomcat started on port(s): 8080 (http) with context path ''
2022-10-28 16:54:08,732 INFO  StartupInfoLogger:61 - [] Started SamApplication in 2.288 seconds (JVM running for 2.706)
2022-10-28 16:55:48,537 INFO  DirectJDKLog:173 - [] Initializing Spring DispatcherServlet 'dispatcherServlet'
2022-10-28 16:55:48,537 INFO  FrameworkServlet:525 - [] Initializing Servlet 'dispatcherServlet'
2022-10-28 16:55:48,538 INFO  FrameworkServlet:547 - [] Completed initialization in 1 ms
2022-10-28 16:55:58,985 INFO  SpringApplicationAdminMXBeanRegistrar$SpringApplicationAdmin:159 - [] Application shutdown requested.
2022-10-28 16:55:58,988 INFO  DirectJDKLog:173 - [] Stopping service [Tomcat]
2022-10-28 16:55:58,989 INFO  DirectJDKLog:173 - [] Destroying Spring FrameworkServlet 'dispatcherServlet'
2022-10-28 16:55:58,995 INFO  AbstractEntityManagerFactoryBean:651 - [] Closing JPA EntityManagerFactory for persistence unit 'db2'
2022-10-28 16:55:58,995 INFO  HikariDataSource:350 - [] HikariPool-2 - Shutdown initiated...
2022-10-28 16:55:59,001 INFO  HikariDataSource:352 - [] HikariPool-2 - Shutdown completed.
2022-10-28 16:55:59,002 INFO  AbstractEntityManagerFactoryBean:651 - [] Closing JPA EntityManagerFactory for persistence unit 'db1'
2022-10-28 16:55:59,002 INFO  HikariDataSource:350 - [] HikariPool-1 - Shutdown initiated...
2022-10-28 16:55:59,008 INFO  HikariDataSource:352 - [] HikariPool-1 - Shutdown completed.
2022-10-28 16:56:05,336 INFO  StartupInfoLogger:55 - [] Starting SamApplication using Java 17.0.4.1 on emma-whatson with PID 93455 (/home/innovix00/git/simple/sam/target/classes started by innovix00 in /home/innovix00/git/simple/sam)
2022-10-28 16:56:05,341 INFO  SpringApplication:634 - [] No active profile set, falling back to 1 default profile: "default"
2022-10-28 16:56:05,677 INFO  RepositoryConfigurationDelegate:132 - [] Bootstrapping Spring Data JPA repositories in DEFAULT mode.
2022-10-28 16:56:05,708 INFO  RepositoryConfigurationDelegate:201 - [] Finished Spring Data repository scanning in 25 ms. Found 1 JPA repository interfaces.
2022-10-28 16:56:05,709 INFO  RepositoryConfigurationDelegate:132 - [] Bootstrapping Spring Data JPA repositories in DEFAULT mode.
2022-10-28 16:56:05,713 INFO  RepositoryConfigurationDelegate:201 - [] Finished Spring Data repository scanning in 3 ms. Found 1 JPA repository interfaces.
2022-10-28 16:56:06,190 INFO  TomcatWebServer:108 - [] Tomcat initialized with port(s): 8080 (http)
2022-10-28 16:56:06,198 INFO  DirectJDKLog:173 - [] Starting service [Tomcat]
2022-10-28 16:56:06,199 INFO  DirectJDKLog:173 - [] Starting Servlet engine: [Apache Tomcat/9.0.68]
2022-10-28 16:56:06,267 INFO  DirectJDKLog:173 - [] Initializing Spring embedded WebApplicationContext
2022-10-28 16:56:06,268 INFO  ServletWebServerApplicationContext:292 - [] Root WebApplicationContext: initialization completed in 888 ms
2022-10-28 16:56:06,401 INFO  LogHelper:31 - [] HHH000204: Processing PersistenceUnitInfo [name: db1]
2022-10-28 16:56:06,436 INFO  Version:44 - [] HHH000412: Hibernate ORM core version 5.6.12.Final
2022-10-28 16:56:06,542 INFO  JavaReflectionManager:56 - [] HCANN000001: Hibernate Commons Annotations {5.1.2.Final}
2022-10-28 16:56:06,630 INFO  HikariDataSource:110 - [] HikariPool-1 - Starting...
2022-10-28 16:56:06,877 INFO  HikariDataSource:123 - [] HikariPool-1 - Start completed.
2022-10-28 16:56:06,899 INFO  Dialect:175 - [] HHH000400: Using dialect: org.hibernate.dialect.PostgreSQL10Dialect
2022-10-28 16:56:07,267 INFO  JtaPlatformInitiator:52 - [] HHH000490: Using JtaPlatform implementation: [org.hibernate.engine.transaction.jta.platform.internal.NoJtaPlatform]
2022-10-28 16:56:07,276 INFO  AbstractEntityManagerFactoryBean:437 - [] Initialized JPA EntityManagerFactory for persistence unit 'db1'
2022-10-28 16:56:07,295 INFO  LogHelper:31 - [] HHH000204: Processing PersistenceUnitInfo [name: db2]
2022-10-28 16:56:07,303 INFO  HikariDataSource:110 - [] HikariPool-2 - Starting...
2022-10-28 16:56:07,340 INFO  HikariDataSource:123 - [] HikariPool-2 - Start completed.
2022-10-28 16:56:07,341 INFO  Dialect:175 - [] HHH000400: Using dialect: org.hibernate.dialect.PostgreSQL10Dialect
2022-10-28 16:56:07,370 INFO  JtaPlatformInitiator:52 - [] HHH000490: Using JtaPlatform implementation: [org.hibernate.engine.transaction.jta.platform.internal.NoJtaPlatform]
2022-10-28 16:56:07,371 INFO  AbstractEntityManagerFactoryBean:437 - [] Initialized JPA EntityManagerFactory for persistence unit 'db2'
2022-10-28 16:56:07,663 WARN  JpaBaseConfiguration$JpaWebConfiguration:219 - [] spring.jpa.open-in-view is enabled by default. Therefore, database queries may be performed during view rendering. Explicitly configure spring.jpa.open-in-view to disable this warning
2022-10-28 16:56:07,841 WARN  AbstractApplicationContext:591 - [] Exception encountered during context initialization - cancelling refresh attempt: org.springframework.beans.factory.BeanCreationException: Error creating bean with name 'requestMappingHandlerMapping' defined in class path resource [org/springframework/boot/autoconfigure/web/servlet/WebMvcAutoConfiguration$EnableWebMvcConfiguration.class]: Invocation of init method failed; nested exception is java.lang.IllegalStateException: Ambiguous mapping. Cannot map 'userCompanyRestController' method 
com.sam.restcontroller.UserCompanyRestController#update(User)
to {PUT [/user/put]}: There is already 'demoRestController' bean method
com.sam.restcontroller.DemoRestController#update(User) mapped.
2022-10-28 16:56:07,842 INFO  AbstractEntityManagerFactoryBean:651 - [] Closing JPA EntityManagerFactory for persistence unit 'db2'
2022-10-28 16:56:07,843 INFO  HikariDataSource:350 - [] HikariPool-2 - Shutdown initiated...
2022-10-28 16:56:07,849 INFO  HikariDataSource:352 - [] HikariPool-2 - Shutdown completed.
2022-10-28 16:56:07,849 INFO  AbstractEntityManagerFactoryBean:651 - [] Closing JPA EntityManagerFactory for persistence unit 'db1'
2022-10-28 16:56:07,850 INFO  HikariDataSource:350 - [] HikariPool-1 - Shutdown initiated...
2022-10-28 16:56:07,854 INFO  HikariDataSource:352 - [] HikariPool-1 - Shutdown completed.
2022-10-28 16:56:07,857 INFO  DirectJDKLog:173 - [] Stopping service [Tomcat]
2022-10-28 16:56:07,869 INFO  ConditionEvaluationReportLoggingListener:136 - [] 

Error starting ApplicationContext. To display the conditions report re-run your application with 'debug' enabled.
2022-10-28 16:56:07,888 ERROR SpringApplication:824 - [] Application run failed
org.springframework.beans.factory.BeanCreationException: Error creating bean with name 'requestMappingHandlerMapping' defined in class path resource [org/springframework/boot/autoconfigure/web/servlet/WebMvcAutoConfiguration$EnableWebMvcConfiguration.class]: Invocation of init method failed; nested exception is java.lang.IllegalStateException: Ambiguous mapping. Cannot map 'userCompanyRestController' method 
com.sam.restcontroller.UserCompanyRestController#update(User)
to {PUT [/user/put]}: There is already 'demoRestController' bean method
com.sam.restcontroller.DemoRestController#update(User) mapped.
	at org.springframework.beans.factory.support.AbstractAutowireCapableBeanFactory.initializeBean(AbstractAutowireCapableBeanFactory.java:1804)
	at org.springframework.beans.factory.support.AbstractAutowireCapableBeanFactory.doCreateBean(AbstractAutowireCapableBeanFactory.java:620)
	at org.springframework.beans.factory.support.AbstractAutowireCapableBeanFactory.createBean(AbstractAutowireCapableBeanFactory.java:542)
	at org.springframework.beans.factory.support.AbstractBeanFactory.lambda$doGetBean$0(AbstractBeanFactory.java:335)
	at org.springframework.beans.factory.support.DefaultSingletonBeanRegistry.getSingleton(DefaultSingletonBeanRegistry.java:234)
	at org.springframework.beans.factory.support.AbstractBeanFactory.doGetBean(AbstractBeanFactory.java:333)
	at org.springframework.beans.factory.support.AbstractBeanFactory.getBean(AbstractBeanFactory.java:208)
	at org.springframework.beans.factory.support.DefaultListableBeanFactory.preInstantiateSingletons(DefaultListableBeanFactory.java:955)
	at org.springframework.context.support.AbstractApplicationContext.finishBeanFactoryInitialization(AbstractApplicationContext.java:918)
	at org.springframework.context.support.AbstractApplicationContext.refresh(AbstractApplicationContext.java:583)
	at org.springframework.boot.web.servlet.context.ServletWebServerApplicationContext.refresh(ServletWebServerApplicationContext.java:147)
	at org.springframework.boot.SpringApplication.refresh(SpringApplication.java:734)
	at org.springframework.boot.SpringApplication.refreshContext(SpringApplication.java:408)
	at org.springframework.boot.SpringApplication.run(SpringApplication.java:308)
	at org.springframework.boot.SpringApplication.run(SpringApplication.java:1306)
	at org.springframework.boot.SpringApplication.run(SpringApplication.java:1295)
	at com.sam.SamApplication.main(SamApplication.java:10)
Caused by: java.lang.IllegalStateException: Ambiguous mapping. Cannot map 'userCompanyRestController' method 
com.sam.restcontroller.UserCompanyRestController#update(User)
to {PUT [/user/put]}: There is already 'demoRestController' bean method
com.sam.restcontroller.DemoRestController#update(User) mapped.
	at org.springframework.web.servlet.handler.AbstractHandlerMethodMapping$MappingRegistry.validateMethodMapping(AbstractHandlerMethodMapping.java:669)
	at org.springframework.web.servlet.handler.AbstractHandlerMethodMapping$MappingRegistry.register(AbstractHandlerMethodMapping.java:635)
	at org.springframework.web.servlet.handler.AbstractHandlerMethodMapping.registerHandlerMethod(AbstractHandlerMethodMapping.java:332)
	at org.springframework.web.servlet.mvc.method.annotation.RequestMappingHandlerMapping.registerHandlerMethod(RequestMappingHandlerMapping.java:420)
	at org.springframework.web.servlet.mvc.method.annotation.RequestMappingHandlerMapping.registerHandlerMethod(RequestMappingHandlerMapping.java:76)
	at org.springframework.web.servlet.handler.AbstractHandlerMethodMapping.lambda$detectHandlerMethods$2(AbstractHandlerMethodMapping.java:299)
	at java.base/java.util.LinkedHashMap.forEach(LinkedHashMap.java:721)
	at org.springframework.web.servlet.handler.AbstractHandlerMethodMapping.detectHandlerMethods(AbstractHandlerMethodMapping.java:297)
	at org.springframework.web.servlet.handler.AbstractHandlerMethodMapping.processCandidateBean(AbstractHandlerMethodMapping.java:266)
	at org.springframework.web.servlet.handler.AbstractHandlerMethodMapping.initHandlerMethods(AbstractHandlerMethodMapping.java:225)
	at org.springframework.web.servlet.handler.AbstractHandlerMethodMapping.afterPropertiesSet(AbstractHandlerMethodMapping.java:213)
	at org.springframework.web.servlet.mvc.method.annotation.RequestMappingHandlerMapping.afterPropertiesSet(RequestMappingHandlerMapping.java:205)
	at org.springframework.beans.factory.support.AbstractAutowireCapableBeanFactory.invokeInitMethods(AbstractAutowireCapableBeanFactory.java:1863)
	at org.springframework.beans.factory.support.AbstractAutowireCapableBeanFactory.initializeBean(AbstractAutowireCapableBeanFactory.java:1800)
	... 16 common frames omitted
2022-10-28 16:57:59,735 INFO  StartupInfoLogger:55 - [] Starting SamApplication using Java 17.0.4.1 on emma-whatson with PID 94101 (/home/innovix00/git/simple/sam/target/classes started by innovix00 in /home/innovix00/git/simple/sam)
2022-10-28 16:57:59,738 INFO  SpringApplication:634 - [] No active profile set, falling back to 1 default profile: "default"
2022-10-28 16:58:00,018 INFO  RepositoryConfigurationDelegate:132 - [] Bootstrapping Spring Data JPA repositories in DEFAULT mode.
2022-10-28 16:58:00,056 INFO  RepositoryConfigurationDelegate:201 - [] Finished Spring Data repository scanning in 32 ms. Found 1 JPA repository interfaces.
2022-10-28 16:58:00,057 INFO  RepositoryConfigurationDelegate:132 - [] Bootstrapping Spring Data JPA repositories in DEFAULT mode.
2022-10-28 16:58:00,062 INFO  RepositoryConfigurationDelegate:201 - [] Finished Spring Data repository scanning in 4 ms. Found 1 JPA repository interfaces.
2022-10-28 16:58:00,445 INFO  TomcatWebServer:108 - [] Tomcat initialized with port(s): 8080 (http)
2022-10-28 16:58:00,451 INFO  DirectJDKLog:173 - [] Starting service [Tomcat]
2022-10-28 16:58:00,451 INFO  DirectJDKLog:173 - [] Starting Servlet engine: [Apache Tomcat/9.0.68]
2022-10-28 16:58:00,502 INFO  DirectJDKLog:173 - [] Initializing Spring embedded WebApplicationContext
2022-10-28 16:58:00,503 INFO  ServletWebServerApplicationContext:292 - [] Root WebApplicationContext: initialization completed in 735 ms
2022-10-28 16:58:00,603 INFO  LogHelper:31 - [] HHH000204: Processing PersistenceUnitInfo [name: db1]
2022-10-28 16:58:00,627 INFO  Version:44 - [] HHH000412: Hibernate ORM core version 5.6.12.Final
2022-10-28 16:58:00,710 INFO  JavaReflectionManager:56 - [] HCANN000001: Hibernate Commons Annotations {5.1.2.Final}
2022-10-28 16:58:00,777 INFO  HikariDataSource:110 - [] HikariPool-1 - Starting...
2022-10-28 16:58:00,963 INFO  HikariDataSource:123 - [] HikariPool-1 - Start completed.
2022-10-28 16:58:00,980 INFO  Dialect:175 - [] HHH000400: Using dialect: org.hibernate.dialect.PostgreSQL10Dialect
2022-10-28 16:58:01,256 INFO  JtaPlatformInitiator:52 - [] HHH000490: Using JtaPlatform implementation: [org.hibernate.engine.transaction.jta.platform.internal.NoJtaPlatform]
2022-10-28 16:58:01,261 INFO  AbstractEntityManagerFactoryBean:437 - [] Initialized JPA EntityManagerFactory for persistence unit 'db1'
2022-10-28 16:58:01,274 INFO  LogHelper:31 - [] HHH000204: Processing PersistenceUnitInfo [name: db2]
2022-10-28 16:58:01,279 INFO  HikariDataSource:110 - [] HikariPool-2 - Starting...
2022-10-28 16:58:01,302 INFO  HikariDataSource:123 - [] HikariPool-2 - Start completed.
2022-10-28 16:58:01,303 INFO  Dialect:175 - [] HHH000400: Using dialect: org.hibernate.dialect.PostgreSQL10Dialect
2022-10-28 16:58:01,320 INFO  JtaPlatformInitiator:52 - [] HHH000490: Using JtaPlatform implementation: [org.hibernate.engine.transaction.jta.platform.internal.NoJtaPlatform]
2022-10-28 16:58:01,321 INFO  AbstractEntityManagerFactoryBean:437 - [] Initialized JPA EntityManagerFactory for persistence unit 'db2'
2022-10-28 16:58:01,535 WARN  JpaBaseConfiguration$JpaWebConfiguration:219 - [] spring.jpa.open-in-view is enabled by default. Therefore, database queries may be performed during view rendering. Explicitly configure spring.jpa.open-in-view to disable this warning
2022-10-28 16:58:01,747 INFO  TomcatWebServer:220 - [] Tomcat started on port(s): 8080 (http) with context path ''
2022-10-28 16:58:01,755 INFO  StartupInfoLogger:61 - [] Started SamApplication in 2.247 seconds (JVM running for 2.661)
2022-10-28 16:58:06,571 INFO  DirectJDKLog:173 - [] Initializing Spring DispatcherServlet 'dispatcherServlet'
2022-10-28 16:58:06,572 INFO  FrameworkServlet:525 - [] Initializing Servlet 'dispatcherServlet'
2022-10-28 16:58:06,574 INFO  FrameworkServlet:547 - [] Completed initialization in 1 ms
2022-10-28 17:00:48,662 WARN  AbstractHandlerExceptionResolver:208 - [] Resolved [org.springframework.http.converter.HttpMessageNotReadableException: Required request body is missing: public int com.sam.restcontroller.UserCompanyRestController.saveCompany(com.sam.company.entity.Company)]
2022-10-28 17:02:35,123 INFO  SpringApplicationAdminMXBeanRegistrar$SpringApplicationAdmin:159 - [] Application shutdown requested.
2022-10-28 17:02:35,126 INFO  DirectJDKLog:173 - [] Stopping service [Tomcat]
2022-10-28 17:02:35,127 INFO  DirectJDKLog:173 - [] Destroying Spring FrameworkServlet 'dispatcherServlet'
2022-10-28 17:02:35,135 INFO  AbstractEntityManagerFactoryBean:651 - [] Closing JPA EntityManagerFactory for persistence unit 'db2'
2022-10-28 17:02:35,136 INFO  HikariDataSource:350 - [] HikariPool-2 - Shutdown initiated...
2022-10-28 17:02:35,142 INFO  HikariDataSource:352 - [] HikariPool-2 - Shutdown completed.
2022-10-28 17:02:35,143 INFO  AbstractEntityManagerFactoryBean:651 - [] Closing JPA EntityManagerFactory for persistence unit 'db1'
2022-10-28 17:02:35,144 INFO  HikariDataSource:350 - [] HikariPool-1 - Shutdown initiated...
2022-10-28 17:02:35,151 INFO  HikariDataSource:352 - [] HikariPool-1 - Shutdown completed.
2022-10-28 17:02:39,352 INFO  StartupInfoLogger:55 - [] Starting SamApplication using Java 17.0.4.1 on emma-whatson with PID 95399 (/home/innovix00/git/simple/sam/target/classes started by innovix00 in /home/innovix00/git/simple/sam)
2022-10-28 17:02:39,355 INFO  SpringApplication:634 - [] No active profile set, falling back to 1 default profile: "default"
2022-10-28 17:02:39,621 INFO  RepositoryConfigurationDelegate:132 - [] Bootstrapping Spring Data JPA repositories in DEFAULT mode.
2022-10-28 17:02:39,653 INFO  RepositoryConfigurationDelegate:201 - [] Finished Spring Data repository scanning in 27 ms. Found 1 JPA repository interfaces.
2022-10-28 17:02:39,654 INFO  RepositoryConfigurationDelegate:132 - [] Bootstrapping Spring Data JPA repositories in DEFAULT mode.
2022-10-28 17:02:39,658 INFO  RepositoryConfigurationDelegate:201 - [] Finished Spring Data repository scanning in 3 ms. Found 1 JPA repository interfaces.
2022-10-28 17:02:40,024 INFO  TomcatWebServer:108 - [] Tomcat initialized with port(s): 8080 (http)
2022-10-28 17:02:40,041 INFO  DirectJDKLog:173 - [] Starting service [Tomcat]
2022-10-28 17:02:40,042 INFO  DirectJDKLog:173 - [] Starting Servlet engine: [Apache Tomcat/9.0.68]
2022-10-28 17:02:40,112 INFO  DirectJDKLog:173 - [] Initializing Spring embedded WebApplicationContext
2022-10-28 17:02:40,113 INFO  ServletWebServerApplicationContext:292 - [] Root WebApplicationContext: initialization completed in 725 ms
2022-10-28 17:02:40,214 INFO  LogHelper:31 - [] HHH000204: Processing PersistenceUnitInfo [name: db1]
2022-10-28 17:02:40,241 INFO  Version:44 - [] HHH000412: Hibernate ORM core version 5.6.12.Final
2022-10-28 17:02:40,353 INFO  JavaReflectionManager:56 - [] HCANN000001: Hibernate Commons Annotations {5.1.2.Final}
2022-10-28 17:02:40,442 INFO  HikariDataSource:110 - [] HikariPool-1 - Starting...
2022-10-28 17:02:40,682 INFO  HikariDataSource:123 - [] HikariPool-1 - Start completed.
2022-10-28 17:02:40,704 INFO  Dialect:175 - [] HHH000400: Using dialect: org.hibernate.dialect.PostgreSQL10Dialect
2022-10-28 17:02:41,059 INFO  JtaPlatformInitiator:52 - [] HHH000490: Using JtaPlatform implementation: [org.hibernate.engine.transaction.jta.platform.internal.NoJtaPlatform]
2022-10-28 17:02:41,067 INFO  AbstractEntityManagerFactoryBean:437 - [] Initialized JPA EntityManagerFactory for persistence unit 'db1'
2022-10-28 17:02:41,083 INFO  LogHelper:31 - [] HHH000204: Processing PersistenceUnitInfo [name: db2]
2022-10-28 17:02:41,091 INFO  HikariDataSource:110 - [] HikariPool-2 - Starting...
2022-10-28 17:02:41,124 INFO  HikariDataSource:123 - [] HikariPool-2 - Start completed.
2022-10-28 17:02:41,124 INFO  Dialect:175 - [] HHH000400: Using dialect: org.hibernate.dialect.PostgreSQL10Dialect
2022-10-28 17:02:41,145 INFO  JtaPlatformInitiator:52 - [] HHH000490: Using JtaPlatform implementation: [org.hibernate.engine.transaction.jta.platform.internal.NoJtaPlatform]
2022-10-28 17:02:41,146 INFO  AbstractEntityManagerFactoryBean:437 - [] Initialized JPA EntityManagerFactory for persistence unit 'db2'
2022-10-28 17:02:41,401 WARN  JpaBaseConfiguration$JpaWebConfiguration:219 - [] spring.jpa.open-in-view is enabled by default. Therefore, database queries may be performed during view rendering. Explicitly configure spring.jpa.open-in-view to disable this warning
2022-10-28 17:02:41,604 INFO  TomcatWebServer:220 - [] Tomcat started on port(s): 8080 (http) with context path ''
2022-10-28 17:02:41,610 INFO  StartupInfoLogger:61 - [] Started SamApplication in 2.542 seconds (JVM running for 3.102)
2022-10-28 17:02:45,217 INFO  DirectJDKLog:173 - [] Initializing Spring DispatcherServlet 'dispatcherServlet'
2022-10-28 17:02:45,217 INFO  FrameworkServlet:525 - [] Initializing Servlet 'dispatcherServlet'
2022-10-28 17:02:45,218 INFO  FrameworkServlet:547 - [] Completed initialization in 1 ms
2022-10-28 17:04:01,809 WARN  SqlExceptionHelper:137 - [] SQL Error: 0, SQLState: 23505
2022-10-28 17:04:01,809 ERROR SqlExceptionHelper:142 - [] ERROR: duplicate key value violates unique constraint "user_details_pkey"
  Detail: Key (id)=(3) already exists.
2022-10-28 17:04:01,810 INFO  AbstractBatchImpl:213 - [] HHH000010: On release of batch it still contained JDBC statements
2022-10-28 17:04:01,818 ERROR DirectJDKLog:175 - [] Servlet.service() for servlet [dispatcherServlet] in context with path [] threw exception [Request processing failed; nested exception is org.springframework.dao.DataIntegrityViolationException: could not execute statement; SQL [n/a]; constraint [user_details_pkey]; nested exception is org.hibernate.exception.ConstraintViolationException: could not execute statement] with root cause
org.postgresql.util.PSQLException: ERROR: duplicate key value violates unique constraint "user_details_pkey"
  Detail: Key (id)=(3) already exists.
	at org.postgresql.core.v3.QueryExecutorImpl.receiveErrorResponse(QueryExecutorImpl.java:2675)
	at org.postgresql.core.v3.QueryExecutorImpl.processResults(QueryExecutorImpl.java:2365)
	at org.postgresql.core.v3.QueryExecutorImpl.execute(QueryExecutorImpl.java:355)
	at org.postgresql.jdbc.PgStatement.executeInternal(PgStatement.java:490)
	at org.postgresql.jdbc.PgStatement.execute(PgStatement.java:408)
	at org.postgresql.jdbc.PgPreparedStatement.executeWithFlags(PgPreparedStatement.java:167)
	at org.postgresql.jdbc.PgPreparedStatement.executeUpdate(PgPreparedStatement.java:135)
	at com.zaxxer.hikari.pool.ProxyPreparedStatement.executeUpdate(ProxyPreparedStatement.java:61)
	at com.zaxxer.hikari.pool.HikariProxyPreparedStatement.executeUpdate(HikariProxyPreparedStatement.java)
	at org.hibernate.engine.jdbc.internal.ResultSetReturnImpl.executeUpdate(ResultSetReturnImpl.java:197)
	at org.hibernate.engine.jdbc.batch.internal.NonBatchingBatch.addToBatch(NonBatchingBatch.java:46)
	at org.hibernate.persister.entity.AbstractEntityPersister.insert(AbstractEntityPersister.java:3375)
	at org.hibernate.persister.entity.AbstractEntityPersister.insert(AbstractEntityPersister.java:3908)
	at org.hibernate.action.internal.EntityInsertAction.execute(EntityInsertAction.java:107)
	at org.hibernate.engine.spi.ActionQueue.executeActions(ActionQueue.java:604)
	at org.hibernate.engine.spi.ActionQueue.lambda$executeActions$1(ActionQueue.java:478)
	at java.base/java.util.LinkedHashMap.forEach(LinkedHashMap.java:721)
	at org.hibernate.engine.spi.ActionQueue.executeActions(ActionQueue.java:475)
	at org.hibernate.event.internal.AbstractFlushingEventListener.performExecutions(AbstractFlushingEventListener.java:344)
	at org.hibernate.event.internal.DefaultFlushEventListener.onFlush(DefaultFlushEventListener.java:40)
	at org.hibernate.event.service.internal.EventListenerGroupImpl.fireEventOnEachListener(EventListenerGroupImpl.java:107)
	at org.hibernate.internal.SessionImpl.doFlush(SessionImpl.java:1407)
	at org.hibernate.internal.SessionImpl.managedFlush(SessionImpl.java:489)
	at org.hibernate.internal.SessionImpl.flushBeforeTransactionCompletion(SessionImpl.java:3303)
	at org.hibernate.internal.SessionImpl.beforeTransactionCompletion(SessionImpl.java:2438)
	at org.hibernate.engine.jdbc.internal.JdbcCoordinatorImpl.beforeTransactionCompletion(JdbcCoordinatorImpl.java:449)
	at org.hibernate.resource.transaction.backend.jdbc.internal.JdbcResourceLocalTransactionCoordinatorImpl.beforeCompletionCallback(JdbcResourceLocalTransactionCoordinatorImpl.java:183)
	at org.hibernate.resource.transaction.backend.jdbc.internal.JdbcResourceLocalTransactionCoordinatorImpl.access$300(JdbcResourceLocalTransactionCoordinatorImpl.java:40)
	at org.hibernate.resource.transaction.backend.jdbc.internal.JdbcResourceLocalTransactionCoordinatorImpl$TransactionDriverControlImpl.commit(JdbcResourceLocalTransactionCoordinatorImpl.java:281)
	at org.hibernate.engine.transaction.internal.TransactionImpl.commit(TransactionImpl.java:101)
	at org.springframework.orm.jpa.JpaTransactionManager.doCommit(JpaTransactionManager.java:562)
	at org.springframework.transaction.support.AbstractPlatformTransactionManager.processCommit(AbstractPlatformTransactionManager.java:743)
	at org.springframework.transaction.support.AbstractPlatformTransactionManager.commit(AbstractPlatformTransactionManager.java:711)
	at org.springframework.transaction.interceptor.TransactionAspectSupport.commitTransactionAfterReturning(TransactionAspectSupport.java:654)
	at org.springframework.transaction.interceptor.TransactionAspectSupport.invokeWithinTransaction(TransactionAspectSupport.java:407)
	at org.springframework.transaction.interceptor.TransactionInterceptor.invoke(TransactionInterceptor.java:119)
	at org.springframework.aop.framework.ReflectiveMethodInvocation.proceed(ReflectiveMethodInvocation.java:186)
	at org.springframework.dao.support.PersistenceExceptionTranslationInterceptor.invoke(PersistenceExceptionTranslationInterceptor.java:137)
	at org.springframework.aop.framework.ReflectiveMethodInvocation.proceed(ReflectiveMethodInvocation.java:186)
	at org.springframework.data.jpa.repository.support.CrudMethodMetadataPostProcessor$CrudMethodMetadataPopulatingMethodInterceptor.invoke(CrudMethodMetadataPostProcessor.java:174)
	at org.springframework.aop.framework.ReflectiveMethodInvocation.proceed(ReflectiveMethodInvocation.java:186)
	at org.springframework.aop.interceptor.ExposeInvocationInterceptor.invoke(ExposeInvocationInterceptor.java:97)
	at org.springframework.aop.framework.ReflectiveMethodInvocation.proceed(ReflectiveMethodInvocation.java:186)
	at org.springframework.aop.framework.JdkDynamicAopProxy.invoke(JdkDynamicAopProxy.java:215)
	at jdk.proxy2/jdk.proxy2.$Proxy102.save(Unknown Source)
	at com.sam.user.service.UserService.saveOrUpdate(UserService.java:28)
	at com.sam.restcontroller.UserCompanyRestController.saveUser(UserCompanyRestController.java:78)
	at java.base/jdk.internal.reflect.NativeMethodAccessorImpl.invoke0(Native Method)
	at java.base/jdk.internal.reflect.NativeMethodAccessorImpl.invoke(NativeMethodAccessorImpl.java:77)
	at java.base/jdk.internal.reflect.DelegatingMethodAccessorImpl.invoke(DelegatingMethodAccessorImpl.java:43)
	at java.base/java.lang.reflect.Method.invoke(Method.java:568)
	at org.springframework.web.method.support.InvocableHandlerMethod.doInvoke(InvocableHandlerMethod.java:205)
	at org.springframework.web.method.support.InvocableHandlerMethod.invokeForRequest(InvocableHandlerMethod.java:150)
	at org.springframework.web.servlet.mvc.method.annotation.ServletInvocableHandlerMethod.invokeAndHandle(ServletInvocableHandlerMethod.java:117)
	at org.springframework.web.servlet.mvc.method.annotation.RequestMappingHandlerAdapter.invokeHandlerMethod(RequestMappingHandlerAdapter.java:895)
	at org.springframework.web.servlet.mvc.method.annotation.RequestMappingHandlerAdapter.handleInternal(RequestMappingHandlerAdapter.java:808)
	at org.springframework.web.servlet.mvc.method.AbstractHandlerMethodAdapter.handle(AbstractHandlerMethodAdapter.java:87)
	at org.springframework.web.servlet.DispatcherServlet.doDispatch(DispatcherServlet.java:1071)
	at org.springframework.web.servlet.DispatcherServlet.doService(DispatcherServlet.java:964)
	at org.springframework.web.servlet.FrameworkServlet.processRequest(FrameworkServlet.java:1006)
	at org.springframework.web.servlet.FrameworkServlet.doPost(FrameworkServlet.java:909)
	at javax.servlet.http.HttpServlet.service(HttpServlet.java:696)
	at org.springframework.web.servlet.FrameworkServlet.service(FrameworkServlet.java:883)
	at javax.servlet.http.HttpServlet.service(HttpServlet.java:779)
	at org.apache.catalina.core.ApplicationFilterChain.internalDoFilter(ApplicationFilterChain.java:227)
	at org.apache.catalina.core.ApplicationFilterChain.doFilter(ApplicationFilterChain.java:162)
	at org.apache.tomcat.websocket.server.WsFilter.doFilter(WsFilter.java:53)
	at org.apache.catalina.core.ApplicationFilterChain.internalDoFilter(ApplicationFilterChain.java:189)
	at org.apache.catalina.core.ApplicationFilterChain.doFilter(ApplicationFilterChain.java:162)
	at org.springframework.web.filter.RequestContextFilter.doFilterInternal(RequestContextFilter.java:100)
	at org.springframework.web.filter.OncePerRequestFilter.doFilter(OncePerRequestFilter.java:117)
	at org.apache.catalina.core.ApplicationFilterChain.internalDoFilter(ApplicationFilterChain.java:189)
	at org.apache.catalina.core.ApplicationFilterChain.doFilter(ApplicationFilterChain.java:162)
	at org.springframework.web.filter.FormContentFilter.doFilterInternal(FormContentFilter.java:93)
	at org.springframework.web.filter.OncePerRequestFilter.doFilter(OncePerRequestFilter.java:117)
	at org.apache.catalina.core.ApplicationFilterChain.internalDoFilter(ApplicationFilterChain.java:189)
	at org.apache.catalina.core.ApplicationFilterChain.doFilter(ApplicationFilterChain.java:162)
	at org.springframework.web.filter.CharacterEncodingFilter.doFilterInternal(CharacterEncodingFilter.java:201)
	at org.springframework.web.filter.OncePerRequestFilter.doFilter(OncePerRequestFilter.java:117)
	at org.apache.catalina.core.ApplicationFilterChain.internalDoFilter(ApplicationFilterChain.java:189)
	at org.apache.catalina.core.ApplicationFilterChain.doFilter(ApplicationFilterChain.java:162)
	at org.apache.catalina.core.StandardWrapperValve.invoke(StandardWrapperValve.java:197)
	at org.apache.catalina.core.StandardContextValve.invoke(StandardContextValve.java:97)
	at org.apache.catalina.authenticator.AuthenticatorBase.invoke(AuthenticatorBase.java:541)
	at org.apache.catalina.core.StandardHostValve.invoke(StandardHostValve.java:135)
	at org.apache.catalina.valves.ErrorReportValve.invoke(ErrorReportValve.java:92)
	at org.apache.catalina.core.StandardEngineValve.invoke(StandardEngineValve.java:78)
	at org.apache.catalina.connector.CoyoteAdapter.service(CoyoteAdapter.java:360)
	at org.apache.coyote.http11.Http11Processor.service(Http11Processor.java:399)
	at org.apache.coyote.AbstractProcessorLight.process(AbstractProcessorLight.java:65)
	at org.apache.coyote.AbstractProtocol$ConnectionHandler.process(AbstractProtocol.java:893)
	at org.apache.tomcat.util.net.NioEndpoint$SocketProcessor.doRun(NioEndpoint.java:1789)
	at org.apache.tomcat.util.net.SocketProcessorBase.run(SocketProcessorBase.java:49)
	at org.apache.tomcat.util.threads.ThreadPoolExecutor.runWorker(ThreadPoolExecutor.java:1191)
	at org.apache.tomcat.util.threads.ThreadPoolExecutor$Worker.run(ThreadPoolExecutor.java:659)
	at org.apache.tomcat.util.threads.TaskThread$WrappingRunnable.run(TaskThread.java:61)
	at java.base/java.lang.Thread.run(Thread.java:833)
2022-10-28 17:09:10,530 INFO  SpringApplicationAdminMXBeanRegistrar$SpringApplicationAdmin:159 - [] Application shutdown requested.
2022-10-28 17:09:10,533 INFO  DirectJDKLog:173 - [] Stopping service [Tomcat]
2022-10-28 17:09:10,534 INFO  DirectJDKLog:173 - [] Destroying Spring FrameworkServlet 'dispatcherServlet'
2022-10-28 17:09:10,539 INFO  AbstractEntityManagerFactoryBean:651 - [] Closing JPA EntityManagerFactory for persistence unit 'db2'
2022-10-28 17:09:10,539 INFO  HikariDataSource:350 - [] HikariPool-2 - Shutdown initiated...
2022-10-28 17:09:10,544 INFO  HikariDataSource:352 - [] HikariPool-2 - Shutdown completed.
2022-10-28 17:09:10,544 INFO  AbstractEntityManagerFactoryBean:651 - [] Closing JPA EntityManagerFactory for persistence unit 'db1'
2022-10-28 17:09:10,545 INFO  HikariDataSource:350 - [] HikariPool-1 - Shutdown initiated...
2022-10-28 17:09:10,552 INFO  HikariDataSource:352 - [] HikariPool-1 - Shutdown completed.
